Traceback (most recent call last):
  File "c:\Users\u4eeevmq\Documents\Python\HyporheicFloPy\.venv\Lib\site-packages\jupyter_cache\executors\utils.py", line 58, in single_nb_execution
    executenb(
  File "c:\Users\u4eeevmq\Documents\Python\HyporheicFloPy\.venv\Lib\site-packages\nbclient\client.py", line 1319, in execute
    return NotebookClient(nb=nb, resources=resources, km=km, **kwargs).execute()
           ^^^^^^^^^^^^^^^^^^^^^^^^^^^^^^^^^^^^^^^^^^^^^^^^^^^^^^^^^^^^^^^^^^^^^
  File "c:\Users\u4eeevmq\Documents\Python\HyporheicFloPy\.venv\Lib\site-packages\jupyter_core\utils\__init__.py", line 165, in wrapped
    return loop.run_until_complete(inner)
           ^^^^^^^^^^^^^^^^^^^^^^^^^^^^^^
  File "C:\Program Files\Python311\Lib\asyncio\base_events.py", line 653, in run_until_complete
    return future.result()
           ^^^^^^^^^^^^^^^
  File "c:\Users\u4eeevmq\Documents\Python\HyporheicFloPy\.venv\Lib\site-packages\nbclient\client.py", line 709, in async_execute
    await self.async_execute_cell(
  File "c:\Users\u4eeevmq\Documents\Python\HyporheicFloPy\.venv\Lib\site-packages\nbclient\client.py", line 1062, in async_execute_cell
    await self._check_raise_for_error(cell, cell_index, exec_reply)
  File "c:\Users\u4eeevmq\Documents\Python\HyporheicFloPy\.venv\Lib\site-packages\nbclient\client.py", line 918, in _check_raise_for_error
    raise CellExecutionError.from_cell_and_msg(cell, exec_reply_content)
nbclient.exceptions.CellExecutionError: An error occurred while executing the following cell:
------------------
# Import Libraries
%run /Users/u4eeevmq/Documents/Python/HyporheicFloPy/VQuintana/common_imports.py

# Retrieve stored variables
%store -r md6_exe_path
%store -r md7_exe_path
%store -r sim_name
%store -r workspace
%store -r figs_path
%store -r gwf_name
%store -r prt_name
%store -r mp7_name
%store -r gwf_ws
%store -r prt_ws
%store -r mp7_ws
%store -r headfile
%store -r head_filerecord
%store -r headfile_prt
%store -r budgetfile
%store -r budget_filerecord
%store -r budgetfile_prt
%store -r budget_filerecord_prt
%store -r trackfile_prt
%store -r trackhdrfile_prt
%store -r trackcsvfile_prt
%store -r write
%store -r run
%store -r plot
%store -r plot_show
%store -r plot_save

# Retrieve model parameters
%store -r length_units
%store -r time_units
%store -r nper
%store -r cell_size_x
%store -r cell_size_y
%store -r gw_mod_depth
%store -r z
%store -r kh
%store -r kv
%store -r gw_offset
%store -r porosity
%store -r rch_iface
%store -r rch_iflowface
%store -r recharge_rate
%store -r nstp
%store -r perlen
%store -r tsmult

# Retrieve spatial data
%store -r hec_ras_crs
%store -r terrain_elevation
%store -r raster_transform
%store -r transform
%store -r raster_crs
%store -r output_raster
%store -r cropped_output_raster
%store -r ground_water_domain
%store -r left_boundary
%store -r right_boundary

# retrieve model domain data
%store -r terrain_elevation
%store -r raster_transform
%store -r raster_crs
%store -r raster_bounds_box
%store -r bed_elevation
%store -r raster_width
%store -r raster_height
%store -r ncol
%store -r nrow
%store -r top
%store -r nlay
%store -r grid_x
%store -r grid_y
%store -r grid_points
%store -r intersecting_points
%store -r xorigin
%store -r yorigin
%store -r xmin
%store -r ymin
%store -r xmax
%store -r ymax
%store -r tops
%store -r botm

# retrieve model boundary data
%store -r left_start
%store -r left_end
%store -r right_start
%store -r right_end
%store -r upstream_start_x
%store -r upstream_start_y
%store -r upstream_end_x
%store -r upstream_end_y
%store -r downstream_start_x
%store -r downstream_start_y
%store -r downstream_end_x
%store -r downstream_end_y
%store -r upstream_line
%store -r downstream_line
%store -r upstream_boundary
%store -r downstream_boundary
%store -r grid_cells
%store -r grid_gdf
%store -r idomain

# Suppress specific warnings
warnings.filterwarnings("ignore", category=DeprecationWarning)
------------------


[1;31m---------------------------------------------------------------------------[0m
[1;31mNameError[0m                                 Traceback (most recent call last)
Cell [1;32mIn[1], line 110[0m
[0;32m    107[0m get_ipython()[38;5;241m.[39mrun_line_magic([38;5;124m'[39m[38;5;124mstore[39m[38;5;124m'[39m, [38;5;124m'[39m[38;5;124m-r idomain[39m[38;5;124m'[39m)
[0;32m    109[0m [38;5;66;03m# Suppress specific warnings[39;00m
[1;32m--> 110[0m [43mwarnings[49m[38;5;241m.[39mfilterwarnings([38;5;124m"[39m[38;5;124mignore[39m[38;5;124m"[39m, category[38;5;241m=[39m[38;5;167;01mDeprecationWarning[39;00m)

[1;31mNameError[0m: name 'warnings' is not defined

