Traceback (most recent call last):
  File "c:\Users\u4eeevmq\Documents\Python\HyporheicFloPy\.venv\Lib\site-packages\jupyter_cache\executors\utils.py", line 58, in single_nb_execution
    executenb(
  File "c:\Users\u4eeevmq\Documents\Python\HyporheicFloPy\.venv\Lib\site-packages\nbclient\client.py", line 1319, in execute
    return NotebookClient(nb=nb, resources=resources, km=km, **kwargs).execute()
           ^^^^^^^^^^^^^^^^^^^^^^^^^^^^^^^^^^^^^^^^^^^^^^^^^^^^^^^^^^^^^^^^^^^^^
  File "c:\Users\u4eeevmq\Documents\Python\HyporheicFloPy\.venv\Lib\site-packages\jupyter_core\utils\__init__.py", line 165, in wrapped
    return loop.run_until_complete(inner)
           ^^^^^^^^^^^^^^^^^^^^^^^^^^^^^^
  File "C:\Program Files\Python311\Lib\asyncio\base_events.py", line 653, in run_until_complete
    return future.result()
           ^^^^^^^^^^^^^^^
  File "c:\Users\u4eeevmq\Documents\Python\HyporheicFloPy\.venv\Lib\site-packages\nbclient\client.py", line 709, in async_execute
    await self.async_execute_cell(
  File "c:\Users\u4eeevmq\Documents\Python\HyporheicFloPy\.venv\Lib\site-packages\nbclient\client.py", line 1062, in async_execute_cell
    await self._check_raise_for_error(cell, cell_index, exec_reply)
  File "c:\Users\u4eeevmq\Documents\Python\HyporheicFloPy\.venv\Lib\site-packages\nbclient\client.py", line 918, in _check_raise_for_error
    raise CellExecutionError.from_cell_and_msg(cell, exec_reply_content)
nbclient.exceptions.CellExecutionError: An error occurred while executing the following cell:
------------------
# Store variables
%store md6_exe_path
%store md7_exe_path
%store sim_name
%store workspace
%store figs_path
%store gwf_name
%store mp7_name
%store gwf_ws
%store mp7_ws
%store headfile
%store head_filerecord
%store budgetfile
%store budget_filerecord
%store write
%store run
%store plot
%store plot_show
%store plot_save

# Store model parameters
%store length_units
%store time_units
%store nper
%store cell_size_x
%store cell_size_y
%store gw_mod_depth
%store z
%store kh
%store kv
%store gw_offset
%store porosity
%store rch_iface
%store rch_iflowface
%store recharge_rate
%store nstp
%store perlen
%store tsmult
------------------

----- stdout -----
Stored 'md6_exe_path' (str)
Stored 'md7_exe_path' (str)
Stored 'sim_name' (str)
Stored 'workspace' (WindowsPath)
----- stderr -----
UsageError: Unknown variable 'figs_path'
------------------



