Traceback (most recent call last):
  File "c:\Users\u4eeevmq\Documents\Python\HyporheicFloPy\.venv\Lib\site-packages\jupyter_cache\executors\utils.py", line 58, in single_nb_execution
    executenb(
  File "c:\Users\u4eeevmq\Documents\Python\HyporheicFloPy\.venv\Lib\site-packages\nbclient\client.py", line 1319, in execute
    return NotebookClient(nb=nb, resources=resources, km=km, **kwargs).execute()
           ^^^^^^^^^^^^^^^^^^^^^^^^^^^^^^^^^^^^^^^^^^^^^^^^^^^^^^^^^^^^^^^^^^^^^
  File "c:\Users\u4eeevmq\Documents\Python\HyporheicFloPy\.venv\Lib\site-packages\jupyter_core\utils\__init__.py", line 165, in wrapped
    return loop.run_until_complete(inner)
           ^^^^^^^^^^^^^^^^^^^^^^^^^^^^^^
  File "C:\Program Files\Python311\Lib\asyncio\base_events.py", line 653, in run_until_complete
    return future.result()
           ^^^^^^^^^^^^^^^
  File "c:\Users\u4eeevmq\Documents\Python\HyporheicFloPy\.venv\Lib\site-packages\nbclient\client.py", line 709, in async_execute
    await self.async_execute_cell(
  File "c:\Users\u4eeevmq\Documents\Python\HyporheicFloPy\.venv\Lib\site-packages\nbclient\client.py", line 1062, in async_execute_cell
    await self._check_raise_for_error(cell, cell_index, exec_reply)
  File "c:\Users\u4eeevmq\Documents\Python\HyporheicFloPy\.venv\Lib\site-packages\nbclient\client.py", line 918, in _check_raise_for_error
    raise CellExecutionError.from_cell_and_msg(cell, exec_reply_content)
nbclient.exceptions.CellExecutionError: An error occurred while executing the following cell:
------------------
#------------------------------Model Grid--------------------------------#
# Assuming `src.nodata` is the no-data value for the raster
with rasterio.open(output_raster) as src:
    terrain_elevation = np.ma.masked_equal(terrain_elevation, src.nodata)
    raster_bounds_box = box(*src.bounds)  # Create a shapely box for raster bounds

# Find Bed Elevations
bed_elevation = np.min(terrain_elevation)  # Bed elevation is the minimum value of the cropped surface elevation

# Calculate the extent of the raster
raster_width = src.width * transform[0]  # Width in feet
raster_height = src.height * abs(transform[4])  # Height in feet

# Determine the number of rows and columns based on the cell size
ncol = int(raster_width / cell_size_x)
nrow = int(raster_height / cell_size_y)

# Print the calculated grid dimensions
print(f'Number of columns: {ncol}')
print(f'Number of rows: {nrow}')

top = np.full((nrow, ncol), gw_mod_depth)  # feet below bed surface (depth of groundwater model)
nlay = int(top.max() / z)  # Number of groundwater layers based on default depth)

# Calculate grid cell centers
grid_x, grid_y = np.meshgrid(
    np.arange(0, ncol) * cell_size_x + (cell_size_x / 2),
    np.arange(0, nrow) * cell_size_y + (cell_size_y / 2),
)

# Convert cell centers to Points for intersection checks
grid_points = gpd.GeoDataFrame(
    {"geometry": [Point(x, y) for x, y in zip(grid_x.ravel(), grid_y.ravel())]},
    crs= hec_ras_crs,  # Replace with the actual CRS of your grid
)

# Read raster data and extract elevation values
with rasterio.open(reprojected_terrain_elevation_raster) as src:
    raster_array = src.read(1)  # Read the first band
    raster_transform = src.transform
    raster_crs = src.crs
    raster_bounds_box = box(*src.bounds)  # Create a shapely box for raster bounds
    terrain_elevation = np.ma.masked_equal(raster_array, src.nodata)  # Mask no-data values

# Create a GeoDataFrame for raster bounds
raster_bounds_gdf = gpd.GeoDataFrame(
    {"geometry": [raster_bounds_box]}, crs=hec_ras_crs
)

# Reproject grid points to match raster CRS
# Use the raster bounds to define the grid extent
minx, miny, maxx, maxy = raster_bounds_box.bounds
grid_x, grid_y = np.meshgrid(
    np.linspace(minx, maxx, ncol),
    np.linspace(miny, maxy, nrow),
)

# Recreate the grid points
grid_points = gpd.GeoDataFrame(
    {"geometry": [Point(x, y) for x, y in zip(grid_x.ravel(), grid_y.ravel())]},
    crs=raster_crs,
)

# Check intersection between grid points and raster bounds
intersecting_points = grid_points[grid_points.geometry.intersects(raster_bounds_box)]

# Debugging: Print details about the GeoDataFrames
print(f"Raster CRS: {raster_bounds_gdf.crs}")
print(f"Grid CRS: {grid_points.crs}")
print(f"Number of grid points: {len(grid_points)}")
print(f"Number of intersecting points: {len(intersecting_points)}")

# Set x and y origin
xmin, ymin, xmax, ymax = raster_bounds_box.bounds  # Extract bounding box extent
xorigin = xmin  # Set xorigin to the left-most boundary
yorigin = ymin  # Set yorigin to the bottom-most boundary

# Extract raster extent before looping
transform = raster_transform
xmin = transform.c
ymax = transform.f
xmax = xmin + (terrain_elevation.shape[1] * transform.a)
ymin = ymax + (terrain_elevation.shape[0] * transform.e)

print(f"✅ Raster Extent: X = ({xmin}, {xmax}), Y = ({ymin}, {ymax})")

# Function to interpolate NA values
def interpolate_na(terrain):
    # Get the coordinates of the non-masked values
    valid_mask = ~terrain.mask
    valid_coords = np.array(np.nonzero(valid_mask)).T
    valid_values = terrain[valid_mask]

    # Get the coordinates of the masked values
    invalid_mask = terrain.mask
    invalid_coords = np.array(np.nonzero(invalid_mask)).T

    # Interpolate the values at the masked coordinates
    interpolated_values = griddata(valid_coords, valid_values, invalid_coords, method='nearest')

    # Fill the masked values with the interpolated values
    terrain[invalid_mask] = interpolated_values

    return terrain

# Initialize the top array
top = np.full((nrow, ncol), np.nan)

# Update "top" values for each cell in the first layer based on surface elevation
for i in range(nrow):
    for grid_col in range(ncol):
        # Calculate the x, y coordinates of the cell center
        point_x = grid_x[i, grid_col]
        point_y = grid_y[i, grid_col]

        # Convert the grid cell center coordinates to raster indices
        col, row = ~raster_transform * (point_x, point_y)
        col, row = int(col), int(row)

        # Check if the indices are within raster bounds
        if 0 <= row < terrain_elevation.shape[0] and 0 <= col < terrain_elevation.shape[1]:
            elevation_value = terrain_elevation[row, col]

            # Update "top" based on the raster value
            top[i, grid_col] = elevation_value

# Interpolate any remaining NA values in the top array
top = interpolate_na(np.ma.masked_invalid(top))

## Initialize `tops` and `botm` lists
tops = [top]  # Add the top layer (surface elevation or default)
botm = []

# First layer bottom is calculated from the updated "top" values
first_layer_botm = np.full_like(top, bed_elevation)  # Subtract 0.5 ft for the first layer
botm.append(first_layer_botm)

# Create remaining layers with a constant thickness of 0.5 ft
for layer in range(1, 40):  # Layers 2 to 40
    next_layer_top = botm[-1]  # The top of the current layer is the bottom of the previous layer
    next_layer_botm = next_layer_top - z  # Subtract thickness from the top
    tops.append(next_layer_top)  # Add the top of the current layer
    botm.append(next_layer_botm)  # Add the bottom of the current layer

# Debugging: Check the top and bottom elevations for all layers
print("Top layer elevation (max, min):", tops[0].max(), botm[0].min())
for layer_idx in range(len(tops)):
    print(f"Layer {layer_idx + 1} top (max, min):", tops[layer_idx].max(), tops[layer_idx].min())
    print(f"Layer {layer_idx + 1} botm (max, min):", botm[layer_idx].max(), botm[layer_idx].min())
    
## Visualization: Plot the top and last bottom layers
fig, axs = plt.subplots(1, 2, figsize=(15, 8))

# Plot the top layer elevation
im1 = axs[0].imshow(top, cmap="terrain", interpolation="nearest", origin="lower")  # 🔹 Ensures (0,0) is bottom-left
axs[0].set_title("Top Layer Elevation")
axs[0].set_xlabel("Column")
axs[0].set_ylabel("Row")
fig.colorbar(im1, ax=axs[0], label="Elevation (ft)")

# Plot the bottom layer elevation (Layer 40)
im2 = axs[1].imshow(botm[-1], cmap="terrain", interpolation="nearest", origin="lower")  # 🔹 Ensures bottom-left
axs[1].set_title("Bottom Layer Elevation (Layer 40)")
axs[1].set_xlabel("Column")
axs[1].set_ylabel("Row")
fig.colorbar(im2, ax=axs[1], label="Elevation (ft)")

plt.tight_layout()
plt.show()
------------------


[1;31m---------------------------------------------------------------------------[0m
[1;31mNameError[0m                                 Traceback (most recent call last)
Cell [1;32mIn[5], line 15[0m
[0;32m     12[0m raster_height [38;5;241m=[39m src[38;5;241m.[39mheight [38;5;241m*[39m [38;5;28mabs[39m(transform[[38;5;241m4[39m])  [38;5;66;03m# Height in feet[39;00m
[0;32m     14[0m [38;5;66;03m# Determine the number of rows and columns based on the cell size[39;00m
[1;32m---> 15[0m ncol [38;5;241m=[39m [38;5;28mint[39m(raster_width [38;5;241m/[39m [43mcell_size_x[49m)
[0;32m     16[0m nrow [38;5;241m=[39m [38;5;28mint[39m(raster_height [38;5;241m/[39m cell_size_y)
[0;32m     18[0m [38;5;66;03m# Print the calculated grid dimensions[39;00m

[1;31mNameError[0m: name 'cell_size_x' is not defined

